# JRE version: OpenJDK Runtime Environment (8.0_112-b06) (build 1.8.0_112-release-b06)
# Java VM: OpenJDK Server VM (25.112-b06 mixed mode windows-x86 )
Heap:
 PSYoungGen      total 302592K, used 302552K [0x3bcc0000, 0x501c0000, 0x51200000)
  eden space 292096K, 100% used [0x3bcc0000,0x4da00000,0x4da00000)
  from space 10496K, 99% used [0x4f780000,0x501b6168,0x501c0000)
  to   space 20224K, 28% used [0x4da40000,0x4dfe0050,0x4ee00000)
 ParOldGen       total 699136K, used 39637K [0x11200000, 0x3bcc0000, 0x3bcc0000)
  object space 699136K, 5% used [0x11200000,0x138b5518,0x3bcc0000)
 Metaspace       used 42460K, capacity 44536K, committed 44544K, reserved 45440K
GC Heap History (10 events):
Event: 48.784 GC heap after
Heap after GC invocations=13 (full 2):
 PSYoungGen      total 185344K, used 13050K [0x3bcc0000, 0x4c780000, 0x51200000)
  eden space 172288K, 0% used [0x3bcc0000,0x3bcc0000,0x46500000)
  from space 13056K, 99% used [0x46500000,0x471beb40,0x471c0000)
  to   space 15872K, 0% used [0x4b800000,0x4b800000,0x4c780000)
 ParOldGen       total 36864K, used 21281K [0x11200000, 0x13600000, 0x3bcc0000)
  object space 36864K, 57% used [0x11200000,0x126c8690,0x13600000)
 Metaspace       used 32452K, capacity 33336K, committed 33408K, reserved 34176K
}
Event: 64.839 GC heap before
{Heap before GC invocations=14 (full 2):
 PSYoungGen      total 185344K, used 185338K [0x3bcc0000, 0x4c780000, 0x51200000)
  eden space 172288K, 100% used [0x3bcc0000,0x46500000,0x46500000)
  from space 13056K, 99% used [0x46500000,0x471beb40,0x471c0000)
  to   space 15872K, 0% used [0x4b800000,0x4b800000,0x4c780000)
 ParOldGen       total 36864K, used 21281K [0x11200000, 0x13600000, 0x3bcc0000)
  object space 36864K, 57% used [0x11200000,0x126c8690,0x13600000)
 Metaspace       used 35997K, capacity 37128K, committed 37248K, reserved 37248K
Event: 64.928 GC heap after
Heap after GC invocations=14 (full 2):
 PSYoungGen      total 251136K, used 15864K [0x3bcc0000, 0x4cf00000, 0x51200000)
  eden space 235264K, 0% used [0x3bcc0000,0x3bcc0000,0x4a280000)
  from space 15872K, 99% used [0x4b800000,0x4c77e190,0x4c780000)
  to   space 22016K, 0% used [0x4a280000,0x4a280000,0x4b800000)
 ParOldGen       total 36864K, used 31303K [0x11200000, 0x13600000, 0x3bcc0000)
  object space 36864K, 84% used [0x11200000,0x13091fc8,0x13600000)
 Metaspace       used 35997K, capacity 37128K, committed 37248K, reserved 37248K
}
Event: 64.928 GC heap before
{Heap before GC invocations=15 (full 3):
 PSYoungGen      total 251136K, used 15864K [0x3bcc0000, 0x4cf00000, 0x51200000)
  eden space 235264K, 0% used [0x3bcc0000,0x3bcc0000,0x4a280000)
  from space 15872K, 99% used [0x4b800000,0x4c77e190,0x4c780000)
  to   space 22016K, 0% used [0x4a280000,0x4a280000,0x4b800000)
 ParOldGen       total 36864K, used 31303K [0x11200000, 0x13600000, 0x3bcc0000)
  object space 36864K, 84% used [0x11200000,0x13091fc8,0x13600000)
 Metaspace       used 35997K, capacity 37128K, committed 37248K, reserved 37248K
Event: 65.529 GC heap after
Heap after GC invocations=15 (full 3):
 PSYoungGen      total 251136K, used 3689K [0x3bcc0000, 0x4cf00000, 0x51200000)
  eden space 235264K, 0% used [0x3bcc0000,0x3bcc0000,0x4a280000)
  from space 15872K, 23% used [0x4b800000,0x4bb9a7e8,0x4c780000)
  to   space 22016K, 0% used [0x4a280000,0x4a280000,0x4b800000)
 ParOldGen       total 60416K, used 36615K [0x11200000, 0x14d00000, 0x3bcc0000)
  object space 60416K, 60% used [0x11200000,0x135c1d78,0x14d00000)
 Metaspace       used 35997K, capacity 37128K, committed 37248K, reserved 37248K
}
Event: 1885.975 GC heap before
{Heap before GC invocations=16 (full 3):
 PSYoungGen      total 251136K, used 238953K [0x3bcc0000, 0x4cf00000, 0x51200000)
  eden space 235264K, 100% used [0x3bcc0000,0x4a280000,0x4a280000)
  from space 15872K, 23% used [0x4b800000,0x4bb9a7e8,0x4c780000)
  to   space 22016K, 0% used [0x4a280000,0x4a280000,0x4b800000)
 ParOldGen       total 60416K, used 36615K [0x11200000, 0x14d00000, 0x3bcc0000)
  object space 60416K, 60% used [0x11200000,0x135c1d78,0x14d00000)
 Metaspace       used 39036K, capacity 40391K, committed 40448K, reserved 41344K
Event: 1895.005 GC heap after
Heap after GC invocations=16 (full 3):
 PSYoungGen      total 257280K, used 8745K [0x3bcc0000, 0x50bc0000, 0x51200000)
  eden space 235264K, 0% used [0x3bcc0000,0x3bcc0000,0x4a280000)
  from space 22016K, 39% used [0x4a280000,0x4ab0a560,0x4b800000)
  to   space 20736K, 0% used [0x4f780000,0x4f780000,0x50bc0000)
 ParOldGen       total 60416K, used 39633K [0x11200000, 0x14d00000, 0x3bcc0000)
  object space 60416K, 65% used [0x11200000,0x138b4518,0x14d00000)
 Metaspace       used 39036K, capacity 40391K, committed 40448K, reserved 41344K
}
Event: 2054.104 GC heap before
{Heap before GC invocations=17 (full 3):
 PSYoungGen      total 257280K, used 244009K [0x3bcc0000, 0x50bc0000, 0x51200000)
  eden space 235264K, 100% used [0x3bcc0000,0x4a280000,0x4a280000)
  from space 22016K, 39% used [0x4a280000,0x4ab0a560,0x4b800000)
  to   space 20736K, 0% used [0x4f780000,0x4f780000,0x50bc0000)
 ParOldGen       total 60416K, used 39633K [0x11200000, 0x14d00000, 0x3bcc0000)
  object space 60416K, 65% used [0x11200000,0x138b4518,0x14d00000)
 Metaspace       used 40373K, capacity 42081K, committed 42112K, reserved 42368K
Event: 2054.210 GC heap after
Heap after GC invocations=17 (full 3):
 PSYoungGen      total 302592K, used 10456K [0x3bcc0000, 0x501c0000, 0x51200000)
  eden space 292096K, 0% used [0x3bcc0000,0x3bcc0000,0x4da00000)
  from space 10496K, 99% used [0x4f780000,0x501b6168,0x501c0000)
  to   space 20224K, 0% used [0x4da40000,0x4da40000,0x4ee00000)
 ParOldGen       total 60416K, used 39637K [0x11200000, 0x14d00000, 0x3bcc0000)
  object space 60416K, 65% used [0x11200000,0x138b5518,0x14d00000)
 Metaspace       used 40373K, capacity 42081K, committed 42112K, reserved 42368K
}
Event: 2982.419 GC heap before
{Heap before GC invocations=18 (full 3):
 PSYoungGen      total 302592K, used 302552K [0x3bcc0000, 0x501c0000, 0x51200000)
  eden space 292096K, 100% used [0x3bcc0000,0x4da00000,0x4da00000)
  from space 10496K, 99% used [0x4f780000,0x501b6168,0x501c0000)
  to   space 20224K, 0% used [0x4da40000,0x4da40000,0x4ee00000)
 ParOldGen       total 60416K, used 39637K [0x11200000, 0x14d00000, 0x3bcc0000)
  object space 60416K, 65% used [0x11200000,0x138b5518,0x14d00000)
 Metaspace       used 42460K, capacity 44536K, committed 44544K, reserved 45440K

