# JRE version: OpenJDK Runtime Environment (8.0_112-b06) (build 1.8.0_112-release-b06)
# Java VM: OpenJDK Server VM (25.112-b06 mixed mode windows-x86 )
Heap:
 PSYoungGen      total 258048K, used 254874K [0x3bac0000, 0x4d600000, 0x51000000)
  eden space 240896K, 100% used [0x3bac0000,0x4a600000,0x4a600000)
  from space 17152K, 81% used [0x4b840000,0x4c5e6b48,0x4c900000)
  to   space 18688K, 50% used [0x4a600000,0x4af44bc0,0x4b840000)
 ParOldGen       total 699136K, used 36481K [0x11000000, 0x3bac0000, 0x3bac0000)
  object space 699136K, 5% used [0x11000000,0x133a0450,0x3bac0000)
 Metaspace       used 42360K, capacity 43740K, committed 43776K, reserved 44416K
GC Heap History (10 events):
Event: 25.304 GC heap after
Heap after GC invocations=13 (full 2):
 PSYoungGen      total 143360K, used 10384K [0x3bac0000, 0x48680000, 0x51000000)
  eden space 130816K, 0% used [0x3bac0000,0x3bac0000,0x43a80000)
  from space 12544K, 82% used [0x43a80000,0x444a4210,0x446c0000)
  to   space 13568K, 0% used [0x47940000,0x47940000,0x48680000)
 ParOldGen       total 38656K, used 19740K [0x11000000, 0x135c0000, 0x3bac0000)
  object space 38656K, 51% used [0x11000000,0x12347088,0x135c0000)
 Metaspace       used 31021K, capacity 31886K, committed 32000K, reserved 32128K
}
Event: 27.575 GC heap before
{Heap before GC invocations=14 (full 2):
 PSYoungGen      total 143360K, used 141200K [0x3bac0000, 0x48680000, 0x51000000)
  eden space 130816K, 100% used [0x3bac0000,0x43a80000,0x43a80000)
  from space 12544K, 82% used [0x43a80000,0x444a4210,0x446c0000)
  to   space 13568K, 0% used [0x47940000,0x47940000,0x48680000)
 ParOldGen       total 38656K, used 19740K [0x11000000, 0x135c0000, 0x3bac0000)
  object space 38656K, 51% used [0x11000000,0x12347088,0x135c0000)
 Metaspace       used 33511K, capacity 34501K, committed 34560K, reserved 35200K
Event: 27.707 GC heap after
Heap after GC invocations=14 (full 2):
 PSYoungGen      total 190464K, used 13562K [0x3bac0000, 0x49280000, 0x51000000)
  eden space 176896K, 0% used [0x3bac0000,0x3bac0000,0x46780000)
  from space 13568K, 99% used [0x47940000,0x4867e830,0x48680000)
  to   space 18176K, 0% used [0x46780000,0x46780000,0x47940000)
 ParOldGen       total 38656K, used 26800K [0x11000000, 0x135c0000, 0x3bac0000)
  object space 38656K, 69% used [0x11000000,0x12a2c0e8,0x135c0000)
 Metaspace       used 33511K, capacity 34501K, committed 34560K, reserved 35200K
}
Event: 1347.966 GC heap before
{Heap before GC invocations=15 (full 2):
 PSYoungGen      total 190464K, used 190458K [0x3bac0000, 0x49280000, 0x51000000)
  eden space 176896K, 100% used [0x3bac0000,0x46780000,0x46780000)
  from space 13568K, 99% used [0x47940000,0x4867e830,0x48680000)
  to   space 18176K, 0% used [0x46780000,0x46780000,0x47940000)
 ParOldGen       total 38656K, used 26800K [0x11000000, 0x135c0000, 0x3bac0000)
  object space 38656K, 69% used [0x11000000,0x12a2c0e8,0x135c0000)
 Metaspace       used 36171K, capacity 37292K, committed 37376K, reserved 38272K
Event: 1348.053 GC heap after
Heap after GC invocations=15 (full 2):
 PSYoungGen      total 195072K, used 6831K [0x3bac0000, 0x4c900000, 0x51000000)
  eden space 176896K, 0% used [0x3bac0000,0x3bac0000,0x46780000)
  from space 18176K, 37% used [0x46780000,0x46e2bd80,0x47940000)
  to   space 17152K, 0% used [0x4b840000,0x4b840000,0x4c900000)
 ParOldGen       total 40448K, used 40343K [0x11000000, 0x13780000, 0x3bac0000)
  object space 40448K, 99% used [0x11000000,0x13765db0,0x13780000)
 Metaspace       used 36171K, capacity 37292K, committed 37376K, reserved 38272K
}
Event: 1348.053 GC heap before
{Heap before GC invocations=16 (full 3):
 PSYoungGen      total 195072K, used 6831K [0x3bac0000, 0x4c900000, 0x51000000)
  eden space 176896K, 0% used [0x3bac0000,0x3bac0000,0x46780000)
  from space 18176K, 37% used [0x46780000,0x46e2bd80,0x47940000)
  to   space 17152K, 0% used [0x4b840000,0x4b840000,0x4c900000)
 ParOldGen       total 40448K, used 40343K [0x11000000, 0x13780000, 0x3bac0000)
  object space 40448K, 99% used [0x11000000,0x13765db0,0x13780000)
 Metaspace       used 36171K, capacity 37292K, committed 37376K, reserved 38272K
Event: 1348.331 GC heap after
Heap after GC invocations=16 (full 3):
 PSYoungGen      total 195072K, used 0K [0x3bac0000, 0x4c900000, 0x51000000)
  eden space 176896K, 0% used [0x3bac0000,0x3bac0000,0x46780000)
  from space 18176K, 0% used [0x46780000,0x46780000,0x47940000)
  to   space 17152K, 0% used [0x4b840000,0x4b840000,0x4c900000)
 ParOldGen       total 52992K, used 25391K [0x11000000, 0x143c0000, 0x3bac0000)
  object space 52992K, 47% used [0x11000000,0x128cbdd8,0x143c0000)
 Metaspace       used 35248K, capacity 36120K, committed 37376K, reserved 38272K
}
Event: 1356.009 GC heap before
{Heap before GC invocations=17 (full 3):
 PSYoungGen      total 195072K, used 176896K [0x3bac0000, 0x4c900000, 0x51000000)
  eden space 176896K, 100% used [0x3bac0000,0x46780000,0x46780000)
  from space 18176K, 0% used [0x46780000,0x46780000,0x47940000)
  to   space 17152K, 0% used [0x4b840000,0x4b840000,0x4c900000)
 ParOldGen       total 52992K, used 25391K [0x11000000, 0x143c0000, 0x3bac0000)
  object space 52992K, 47% used [0x11000000,0x128cbdd8,0x143c0000)
 Metaspace       used 36212K, capacity 37397K, committed 37632K, reserved 38272K
Event: 1356.270 GC heap after
Heap after GC invocations=17 (full 3):
 PSYoungGen      total 258048K, used 13978K [0x3bac0000, 0x4d600000, 0x51000000)
  eden space 240896K, 0% used [0x3bac0000,0x3bac0000,0x4a600000)
  from space 17152K, 81% used [0x4b840000,0x4c5e6b48,0x4c900000)
  to   space 18688K, 0% used [0x4a600000,0x4a600000,0x4b840000)
 ParOldGen       total 52992K, used 25395K [0x11000000, 0x143c0000, 0x3bac0000)
  object space 52992K, 47% used [0x11000000,0x128ccdd8,0x143c0000)
 Metaspace       used 36212K, capacity 37397K, committed 37632K, reserved 38272K
}
Event: 1948.148 GC heap before
{Heap before GC invocations=18 (full 3):
 PSYoungGen      total 258048K, used 254874K [0x3bac0000, 0x4d600000, 0x51000000)
  eden space 240896K, 100% used [0x3bac0000,0x4a600000,0x4a600000)
  from space 17152K, 81% used [0x4b840000,0x4c5e6b48,0x4c900000)
  to   space 18688K, 0% used [0x4a600000,0x4a600000,0x4b840000)
 ParOldGen       total 52992K, used 25395K [0x11000000, 0x143c0000, 0x3bac0000)
  object space 52992K, 47% used [0x11000000,0x128ccdd8,0x143c0000)
 Metaspace       used 42360K, capacity 43740K, committed 43776K, reserved 44416K

