# JRE version: OpenJDK Runtime Environment (8.0_242-b01) (build 1.8.0_242-release-1644-b01)
# Java VM: OpenJDK Server VM (25.242-b01 mixed mode windows-x86 )
Heap:
 PSYoungGen      total 320512K, used 1454K [0x3b8c0000, 0x50e00000, 0x50e00000)
  eden space 299264K, 0% used [0x3b8c0000,0x3b8c0000,0x4dd00000)
  from space 21248K, 6% used [0x4f940000,0x4faab8a8,0x50e00000)
  to   space 25088K, 0% used [0x4dd00000,0x4dd00000,0x4f580000)
 ParOldGen       total 62464K, used 62320K [0x10e00000, 0x14b00000, 0x3b8c0000)
  object space 62464K, 99% used [0x10e00000,0x14adc158,0x14b00000)
 Metaspace       used 61752K, capacity 63638K, committed 63744K, reserved 63872K
GC Heap History (10 events):
Event: 73.941 GC heap after
Heap after GC invocations=15 (full 3):
 PSYoungGen      total 258304K, used 1940K [0x3b8c0000, 0x4cdc0000, 0x50e00000)
  eden space 243200K, 0% used [0x3b8c0000,0x3b8c0000,0x4a640000)
  from space 15104K, 12% used [0x4bf00000,0x4c0e5160,0x4cdc0000)
  to   space 20224K, 0% used [0x4a640000,0x4a640000,0x4ba00000)
 ParOldGen       total 59136K, used 34168K [0x10e00000, 0x147c0000, 0x3b8c0000)
  object space 59136K, 57% used [0x10e00000,0x12f5e3a8,0x147c0000)
 Metaspace       used 44177K, capacity 45496K, committed 45516K, reserved 46464K
}
Event: 138.597 GC heap before
{Heap before GC invocations=16 (full 3):
 PSYoungGen      total 258304K, used 245140K [0x3b8c0000, 0x4cdc0000, 0x50e00000)
  eden space 243200K, 100% used [0x3b8c0000,0x4a640000,0x4a640000)
  from space 15104K, 12% used [0x4bf00000,0x4c0e5160,0x4cdc0000)
  to   space 20224K, 0% used [0x4a640000,0x4a640000,0x4ba00000)
 ParOldGen       total 59136K, used 34168K [0x10e00000, 0x147c0000, 0x3b8c0000)
  object space 59136K, 57% used [0x10e00000,0x12f5e3a8,0x147c0000)
 Metaspace       used 49606K, capacity 51115K, committed 51200K, reserved 51584K
Event: 138.748 GC heap after
Heap after GC invocations=16 (full 3):
 PSYoungGen      total 263424K, used 12760K [0x3b8c0000, 0x50e00000, 0x50e00000)
  eden space 243200K, 0% used [0x3b8c0000,0x3b8c0000,0x4a640000)
  from space 20224K, 63% used [0x4a640000,0x4b2b6180,0x4ba00000)
  to   space 20992K, 0% used [0x4f980000,0x4f980000,0x50e00000)
 ParOldGen       total 59136K, used 36217K [0x10e00000, 0x147c0000, 0x3b8c0000)
  object space 59136K, 61% used [0x10e00000,0x1315e718,0x147c0000)
 Metaspace       used 49606K, capacity 51115K, committed 51200K, reserved 51584K
}
Event: 215.952 GC heap before
{Heap before GC invocations=17 (full 3):
 PSYoungGen      total 263424K, used 255960K [0x3b8c0000, 0x50e00000, 0x50e00000)
  eden space 243200K, 100% used [0x3b8c0000,0x4a640000,0x4a640000)
  from space 20224K, 63% used [0x4a640000,0x4b2b6180,0x4ba00000)
  to   space 20992K, 0% used [0x4f980000,0x4f980000,0x50e00000)
 ParOldGen       total 59136K, used 36217K [0x10e00000, 0x147c0000, 0x3b8c0000)
  object space 59136K, 61% used [0x10e00000,0x1315e718,0x147c0000)
 Metaspace       used 51974K, capacity 53471K, committed 53504K, reserved 53632K
Event: 216.026 GC heap after
Heap after GC invocations=17 (full 3):
 PSYoungGen      total 327936K, used 6500K [0x3b8c0000, 0x50cc0000, 0x50e00000)
  eden space 308224K, 0% used [0x3b8c0000,0x3b8c0000,0x4e5c0000)
  from space 19712K, 32% used [0x4f980000,0x4ffd93a8,0x50cc0000)
  to   space 19968K, 0% used [0x4e5c0000,0x4e5c0000,0x4f940000)
 ParOldGen       total 59136K, used 44085K [0x10e00000, 0x147c0000, 0x3b8c0000)
  object space 59136K, 74% used [0x10e00000,0x1390d738,0x147c0000)
 Metaspace       used 51974K, capacity 53471K, committed 53504K, reserved 53632K
}
Event: 233.554 GC heap before
{Heap before GC invocations=18 (full 3):
 PSYoungGen      total 327936K, used 314724K [0x3b8c0000, 0x50cc0000, 0x50e00000)
  eden space 308224K, 100% used [0x3b8c0000,0x4e5c0000,0x4e5c0000)
  from space 19712K, 32% used [0x4f980000,0x4ffd93a8,0x50cc0000)
  to   space 19968K, 0% used [0x4e5c0000,0x4e5c0000,0x4f940000)
 ParOldGen       total 59136K, used 44085K [0x10e00000, 0x147c0000, 0x3b8c0000)
  object space 59136K, 74% used [0x10e00000,0x1390d738,0x147c0000)
 Metaspace       used 61389K, capacity 63243K, committed 63360K, reserved 63872K
Event: 233.810 GC heap after
Heap after GC invocations=18 (full 3):
 PSYoungGen      total 328192K, used 19964K [0x3b8c0000, 0x50e00000, 0x50e00000)
  eden space 308224K, 0% used [0x3b8c0000,0x3b8c0000,0x4e5c0000)
  from space 19968K, 99% used [0x4e5c0000,0x4f93f3c8,0x4f940000)
  to   space 21248K, 0% used [0x4f940000,0x4f940000,0x50e00000)
 ParOldGen       total 59136K, used 49628K [0x10e00000, 0x147c0000, 0x3b8c0000)
  object space 59136K, 83% used [0x10e00000,0x13e77118,0x147c0000)
 Metaspace       used 61389K, capacity 63243K, committed 63360K, reserved 63872K
}
Event: 239.203 GC heap before
{Heap before GC invocations=19 (full 3):
 PSYoungGen      total 328192K, used 328188K [0x3b8c0000, 0x50e00000, 0x50e00000)
  eden space 308224K, 100% used [0x3b8c0000,0x4e5c0000,0x4e5c0000)
  from space 19968K, 99% used [0x4e5c0000,0x4f93f3c8,0x4f940000)
  to   space 21248K, 0% used [0x4f940000,0x4f940000,0x50e00000)
 ParOldGen       total 59136K, used 49628K [0x10e00000, 0x147c0000, 0x3b8c0000)
  object space 59136K, 83% used [0x10e00000,0x13e77118,0x147c0000)
 Metaspace       used 61752K, capacity 63638K, committed 63744K, reserved 63872K
Event: 239.435 GC heap after
Heap after GC invocations=19 (full 3):
 PSYoungGen      total 320512K, used 1454K [0x3b8c0000, 0x50e00000, 0x50e00000)
  eden space 299264K, 0% used [0x3b8c0000,0x3b8c0000,0x4dd00000)
  from space 21248K, 6% used [0x4f940000,0x4faab8a8,0x50e00000)
  to   space 25088K, 0% used [0x4dd00000,0x4dd00000,0x4f580000)
 ParOldGen       total 62464K, used 62320K [0x10e00000, 0x14b00000, 0x3b8c0000)
  object space 62464K, 99% used [0x10e00000,0x14adc158,0x14b00000)
 Metaspace       used 61752K, capacity 63638K, committed 63744K, reserved 63872K
}
Event: 239.450 GC heap before
{Heap before GC invocations=20 (full 4):
 PSYoungGen      total 320512K, used 1454K [0x3b8c0000, 0x50e00000, 0x50e00000)
  eden space 299264K, 0% used [0x3b8c0000,0x3b8c0000,0x4dd00000)
  from space 21248K, 6% used [0x4f940000,0x4faab8a8,0x50e00000)
  to   space 25088K, 0% used [0x4dd00000,0x4dd00000,0x4f580000)
 ParOldGen       total 62464K, used 62320K [0x10e00000, 0x14b00000, 0x3b8c0000)
  object space 62464K, 99% used [0x10e00000,0x14adc158,0x14b00000)
 Metaspace       used 61752K, capacity 63638K, committed 63744K, reserved 63872K

